The system is: Linux - 5.8.16-2-MANJARO - x86_64
Compiling the C compiler identification source file "CMakeCCompilerId.c" succeeded.
Compiler: /usr/bin/cc 
Build flags: 
Id flags:  

The output was:
0


Compilation of the C compiler identification source "CMakeCCompilerId.c" produced "a.out"

The C compiler identification is GNU, found in "/home/stefan/Documents/H2D/LibNew/GLFW_BIN/CMakeFiles/3.18.3/CompilerIdC/a.out"

Detecting C compiler ABI info compiled with the following output:
Change Dir: /home/stefan/Documents/H2D/LibNew/GLFW_BIN/CMakeFiles/CMakeTmp

Run Build Command(s):/usr/bin/make cmTC_be647/fast && /usr/bin/make  -f CMakeFiles/cmTC_be647.dir/build.make CMakeFiles/cmTC_be647.dir/build
make[1]: Entering directory '/home/stefan/Documents/H2D/LibNew/GLFW_BIN/CMakeFiles/CMakeTmp'
Building C object CMakeFiles/cmTC_be647.dir/CMakeCCompilerABI.c.o
/usr/bin/cc   -v -o CMakeFiles/cmTC_be647.dir/CMakeCCompilerABI.c.o -c /usr/share/cmake-3.18/Modules/CMakeCCompilerABI.c
Using built-in specs.
COLLECT_GCC=/usr/bin/cc
Target: x86_64-pc-linux-gnu
Configured with: /build/gcc/src/gcc/configure --prefix=/usr --libdir=/usr/lib --libexecdir=/usr/lib --mandir=/usr/share/man --infodir=/usr/share/info --with-bugurl=https://bugs.archlinux.org/ --enable-languages=c,c++,ada,fortran,go,lto,objc,obj-c++,d --with-isl --with-linker-hash-style=gnu --with-system-zlib --enable-__cxa_atexit --enable-cet=auto --enable-checking=release --enable-clocale=gnu --enable-default-pie --enable-default-ssp --enable-gnu-indirect-function --enable-gnu-unique-object --enable-install-libiberty --enable-linker-build-id --enable-lto --enable-multilib --enable-plugin --enable-shared --enable-threads=posix --disable-libssp --disable-libstdcxx-pch --disable-libunwind-exceptions --disable-werror gdc_include_dir=/usr/include/dlang/gdc
Thread model: posix
Supported LTO compression algorithms: zlib zstd
gcc version 10.2.0 (GCC) 
COLLECT_GCC_OPTIONS='-v' '-o' 'CMakeFiles/cmTC_be647.dir/CMakeCCompilerABI.c.o' '-c' '-mtune=generic' '-march=x86-64'
 /usr/lib/gcc/x86_64-pc-linux-gnu/10.2.0/cc1 -quiet -v /usr/share/cmake-3.18/Modules/CMakeCCompilerABI.c -quiet -dumpbase CMakeCCompilerABI.c -mtune=generic -march=x86-64 -auxbase-strip CMakeFiles/cmTC_be647.dir/CMakeCCompilerABI.c.o -version -o /tmp/ccd13LLT.s
GNU C17 (GCC) version 10.2.0 (x86_64-pc-linux-gnu)
	compiled by GNU C version 10.2.0, GMP version 6.2.0, MPFR version 4.1.0, MPC version 1.1.0, isl version isl-0.21-GMP

GGC heuristics: --param ggc-min-expand=100 --param ggc-min-heapsize=131072
ignoring nonexistent directory "/usr/lib/gcc/x86_64-pc-linux-gnu/10.2.0/../../../../x86_64-pc-linux-gnu/include"
#include "..." search starts here:
#include <...> search starts here:
 /usr/lib/gcc/x86_64-pc-linux-gnu/10.2.0/include
 /usr/local/include
 /usr/lib/gcc/x86_64-pc-linux-gnu/10.2.0/include-fixed
 /usr/include
End of search list.
GNU C17 (GCC) version 10.2.0 (x86_64-pc-linux-gnu)
	compiled by GNU C version 10.2.0, GMP version 6.2.0, MPFR version 4.1.0, MPC version 1.1.0, isl version isl-0.21-GMP

GGC heuristics: --param ggc-min-expand=100 --param ggc-min-heapsize=131072
Compiler executable checksum: eb603296d6e3af60f424243b4c7fea66
COLLECT_GCC_OPTIONS='-v' '-o' 'CMakeFiles/cmTC_be647.dir/CMakeCCompilerABI.c.o' '-c' '-mtune=generic' '-march=x86-64'
 as -v --64 -o CMakeFiles/cmTC_be647.dir/CMakeCCompilerABI.c.o /tmp/ccd13LLT.s
GNU assembler version 2.35 (x86_64-pc-linux-gnu) using BFD version (GNU Binutils) 2.35
COMPILER_PATH=/usr/lib/gcc/x86_64-pc-linux-gnu/10.2.0/:/usr/lib/gcc/x86_64-pc-linux-gnu/10.2.0/:/usr/lib/gcc/x86_64-pc-linux-gnu/:/usr/lib/gcc/x86_64-pc-linux-gnu/10.2.0/:/usr/lib/gcc/x86_64-pc-linux-gnu/
LIBRARY_PATH=/usr/lib/gcc/x86_64-pc-linux-gnu/10.2.0/:/usr/lib/gcc/x86_64-pc-linux-gnu/10.2.0/../../../../lib/:/lib/../lib/:/usr/lib/../lib/:/usr/lib/gcc/x86_64-pc-linux-gnu/10.2.0/../../../:/lib/:/usr/lib/
COLLECT_GCC_OPTIONS='-v' '-o' 'CMakeFiles/cmTC_be647.dir/CMakeCCompilerABI.c.o' '-c' '-mtune=generic' '-march=x86-64'
Linking C executable cmTC_be647
/usr/bin/cmake -E cmake_link_script CMakeFiles/cmTC_be647.dir/link.txt --verbose=1
/usr/bin/cc  -v -rdynamic CMakeFiles/cmTC_be647.dir/CMakeCCompilerABI.c.o -o cmTC_be647 
Using built-in specs.
COLLECT_GCC=/usr/bin/cc
COLLECT_LTO_WRAPPER=/usr/lib/gcc/x86_64-pc-linux-gnu/10.2.0/lto-wrapper
Target: x86_64-pc-linux-gnu
Configured with: /build/gcc/src/gcc/configure --prefix=/usr --libdir=/usr/lib --libexecdir=/usr/lib --mandir=/usr/share/man --infodir=/usr/share/info --with-bugurl=https://bugs.archlinux.org/ --enable-languages=c,c++,ada,fortran,go,lto,objc,obj-c++,d --with-isl --with-linker-hash-style=gnu --with-system-zlib --enable-__cxa_atexit --enable-cet=auto --enable-checking=release --enable-clocale=gnu --enable-default-pie --enable-default-ssp --enable-gnu-indirect-function --enable-gnu-unique-object --enable-install-libiberty --enable-linker-build-id --enable-lto --enable-multilib --enable-plugin --enable-shared --enable-threads=posix --disable-libssp --disable-libstdcxx-pch --disable-libunwind-exceptions --disable-werror gdc_include_dir=/usr/include/dlang/gdc
Thread model: posix
Supported LTO compression algorithms: zlib zstd
gcc version 10.2.0 (GCC) 
COMPILER_PATH=/usr/lib/gcc/x86_64-pc-linux-gnu/10.2.0/:/usr/lib/gcc/x86_64-pc-linux-gnu/10.2.0/:/usr/lib/gcc/x86_64-pc-linux-gnu/:/usr/lib/gcc/x86_64-pc-linux-gnu/10.2.0/:/usr/lib/gcc/x86_64-pc-linux-gnu/
LIBRARY_PATH=/usr/lib/gcc/x86_64-pc-linux-gnu/10.2.0/:/usr/lib/gcc/x86_64-pc-linux-gnu/10.2.0/../../../../lib/:/lib/../lib/:/usr/lib/../lib/:/usr/lib/gcc/x86_64-pc-linux-gnu/10.2.0/../../../:/lib/:/usr/lib/
COLLECT_GCC_OPTIONS='-v' '-rdynamic' '-o' 'cmTC_be647' '-mtune=generic' '-march=x86-64'
 /usr/lib/gcc/x86_64-pc-linux-gnu/10.2.0/collect2 -plugin /usr/lib/gcc/x86_64-pc-linux-gnu/10.2.0/liblto_plugin.so -plugin-opt=/usr/lib/gcc/x86_64-pc-linux-gnu/10.2.0/lto-wrapper -plugin-opt=-fresolution=/tmp/ccBJ1ENh.res -plugin-opt=-pass-through=-lgcc -plugin-opt=-pass-through=-lgcc_s -plugin-opt=-pass-through=-lc -plugin-opt=-pass-through=-lgcc -plugin-opt=-pass-through=-lgcc_s --build-id --eh-frame-hdr --hash-style=gnu -m elf_x86_64 -export-dynamic -dynamic-linker /lib64/ld-linux-x86-64.so.2 -pie -o cmTC_be647 /usr/lib/gcc/x86_64-pc-linux-gnu/10.2.0/../../../../lib/Scrt1.o /usr/lib/gcc/x86_64-pc-linux-gnu/10.2.0/../../../../lib/crti.o /usr/lib/gcc/x86_64-pc-linux-gnu/10.2.0/crtbeginS.o -L/usr/lib/gcc/x86_64-pc-linux-gnu/10.2.0 -L/usr/lib/gcc/x86_64-pc-linux-gnu/10.2.0/../../../../lib -L/lib/../lib -L/usr/lib/../lib -L/usr/lib/gcc/x86_64-pc-linux-gnu/10.2.0/../../.. CMakeFiles/cmTC_be647.dir/CMakeCCompilerABI.c.o -lgcc --push-state --as-needed -lgcc_s --pop-state -lc -lgcc --push-state --as-needed -lgcc_s --pop-state /usr/lib/gcc/x86_64-pc-linux-gnu/10.2.0/crtendS.o /usr/lib/gcc/x86_64-pc-linux-gnu/10.2.0/../../../../lib/crtn.o
COLLECT_GCC_OPTIONS='-v' '-rdynamic' '-o' 'cmTC_be647' '-mtune=generic' '-march=x86-64'
make[1]: Leaving directory '/home/stefan/Documents/H2D/LibNew/GLFW_BIN/CMakeFiles/CMakeTmp'



Parsed C implicit include dir info from above output: rv=done
  found start of include info
  found start of implicit include info
    add: [/usr/lib/gcc/x86_64-pc-linux-gnu/10.2.0/include]
    add: [/usr/local/include]
    add: [/usr/lib/gcc/x86_64-pc-linux-gnu/10.2.0/include-fixed]
    add: [/usr/include]
  end of search list found
  collapse include dir [/usr/lib/gcc/x86_64-pc-linux-gnu/10.2.0/include] ==> [/usr/lib/gcc/x86_64-pc-linux-gnu/10.2.0/include]
  collapse include dir [/usr/local/include] ==> [/usr/local/include]
  collapse include dir [/usr/lib/gcc/x86_64-pc-linux-gnu/10.2.0/include-fixed] ==> [/usr/lib/gcc/x86_64-pc-linux-gnu/10.2.0/include-fixed]
  collapse include dir [/usr/include] ==> [/usr/include]
  implicit include dirs: [/usr/lib/gcc/x86_64-pc-linux-gnu/10.2.0/include;/usr/local/include;/usr/lib/gcc/x86_64-pc-linux-gnu/10.2.0/include-fixed;/usr/include]


Parsed C implicit link information from above output:
  link line regex: [^( *|.*[/\])(ld|CMAKE_LINK_STARTFILE-NOTFOUND|([^/\]+-)?ld|collect2)[^/\]*( |$)]
  ignore line: [Change Dir: /home/stefan/Documents/H2D/LibNew/GLFW_BIN/CMakeFiles/CMakeTmp]
  ignore line: []
  ignore line: [Run Build Command(s):/usr/bin/make cmTC_be647/fast && /usr/bin/make  -f CMakeFiles/cmTC_be647.dir/build.make CMakeFiles/cmTC_be647.dir/build]
  ignore line: [make[1]: Entering directory '/home/stefan/Documents/H2D/LibNew/GLFW_BIN/CMakeFiles/CMakeTmp']
  ignore line: [Building C object CMakeFiles/cmTC_be647.dir/CMakeCCompilerABI.c.o]
  ignore line: [/usr/bin/cc   -v -o CMakeFiles/cmTC_be647.dir/CMakeCCompilerABI.c.o -c /usr/share/cmake-3.18/Modules/CMakeCCompilerABI.c]
  ignore line: [Using built-in specs.]
  ignore line: [COLLECT_GCC=/usr/bin/cc]
  ignore line: [Target: x86_64-pc-linux-gnu]
  ignore line: [Configured with: /build/gcc/src/gcc/configure --prefix=/usr --libdir=/usr/lib --libexecdir=/usr/lib --mandir=/usr/share/man --infodir=/usr/share/info --with-bugurl=https://bugs.archlinux.org/ --enable-languages=c c++ ada fortran go lto objc obj-c++ d --with-isl --with-linker-hash-style=gnu --with-system-zlib --enable-__cxa_atexit --enable-cet=auto --enable-checking=release --enable-clocale=gnu --enable-default-pie --enable-default-ssp --enable-gnu-indirect-function --enable-gnu-unique-object --enable-install-libiberty --enable-linker-build-id --enable-lto --enable-multilib --enable-plugin --enable-shared --enable-threads=posix --disable-libssp --disable-libstdcxx-pch --disable-libunwind-exceptions --disable-werror gdc_include_dir=/usr/include/dlang/gdc]
  ignore line: [Thread model: posix]
  ignore line: [Supported LTO compression algorithms: zlib zstd]
  ignore line: [gcc version 10.2.0 (GCC) ]
  ignore line: [COLLECT_GCC_OPTIONS='-v' '-o' 'CMakeFiles/cmTC_be647.dir/CMakeCCompilerABI.c.o' '-c' '-mtune=generic' '-march=x86-64']
  ignore line: [ /usr/lib/gcc/x86_64-pc-linux-gnu/10.2.0/cc1 -quiet -v /usr/share/cmake-3.18/Modules/CMakeCCompilerABI.c -quiet -dumpbase CMakeCCompilerABI.c -mtune=generic -march=x86-64 -auxbase-strip CMakeFiles/cmTC_be647.dir/CMakeCCompilerABI.c.o -version -o /tmp/ccd13LLT.s]
  ignore line: [GNU C17 (GCC) version 10.2.0 (x86_64-pc-linux-gnu)]
  ignore line: [	compiled by GNU C version 10.2.0  GMP version 6.2.0  MPFR version 4.1.0  MPC version 1.1.0  isl version isl-0.21-GMP]
  ignore line: []
  ignore line: [GGC heuristics: --param ggc-min-expand=100 --param ggc-min-heapsize=131072]
  ignore line: [ignoring nonexistent directory "/usr/lib/gcc/x86_64-pc-linux-gnu/10.2.0/../../../../x86_64-pc-linux-gnu/include"]
  ignore line: [#include "..." search starts here:]
  ignore line: [#include <...> search starts here:]
  ignore line: [ /usr/lib/gcc/x86_64-pc-linux-gnu/10.2.0/include]
  ignore line: [ /usr/local/include]
  ignore line: [ /usr/lib/gcc/x86_64-pc-linux-gnu/10.2.0/include-fixed]
  ignore line: [ /usr/include]
  ignore line: [End of search list.]
  ignore line: [GNU C17 (GCC) version 10.2.0 (x86_64-pc-linux-gnu)]
  ignore line: [	compiled by GNU C version 10.2.0  GMP version 6.2.0  MPFR version 4.1.0  MPC version 1.1.0  isl version isl-0.21-GMP]
  ignore line: []
  ignore line: [GGC heuristics: --param ggc-min-expand=100 --param ggc-min-heapsize=131072]
  ignore line: [Compiler executable checksum: eb603296d6e3af60f424243b4c7fea66]
  ignore line: [COLLECT_GCC_OPTIONS='-v' '-o' 'CMakeFiles/cmTC_be647.dir/CMakeCCompilerABI.c.o' '-c' '-mtune=generic' '-march=x86-64']
  ignore line: [ as -v --64 -o CMakeFiles/cmTC_be647.dir/CMakeCCompilerABI.c.o /tmp/ccd13LLT.s]
  ignore line: [GNU assembler version 2.35 (x86_64-pc-linux-gnu) using BFD version (GNU Binutils) 2.35]
  ignore line: [COMPILER_PATH=/usr/lib/gcc/x86_64-pc-linux-gnu/10.2.0/:/usr/lib/gcc/x86_64-pc-linux-gnu/10.2.0/:/usr/lib/gcc/x86_64-pc-linux-gnu/:/usr/lib/gcc/x86_64-pc-linux-gnu/10.2.0/:/usr/lib/gcc/x86_64-pc-linux-gnu/]
  ignore line: [LIBRARY_PATH=/usr/lib/gcc/x86_64-pc-linux-gnu/10.2.0/:/usr/lib/gcc/x86_64-pc-linux-gnu/10.2.0/../../../../lib/:/lib/../lib/:/usr/lib/../lib/:/usr/lib/gcc/x86_64-pc-linux-gnu/10.2.0/../../../:/lib/:/usr/lib/]
  ignore line: [COLLECT_GCC_OPTIONS='-v' '-o' 'CMakeFiles/cmTC_be647.dir/CMakeCCompilerABI.c.o' '-c' '-mtune=generic' '-march=x86-64']
  ignore line: [Linking C executable cmTC_be647]
  ignore line: [/usr/bin/cmake -E cmake_link_script CMakeFiles/cmTC_be647.dir/link.txt --verbose=1]
  ignore line: [/usr/bin/cc  -v -rdynamic CMakeFiles/cmTC_be647.dir/CMakeCCompilerABI.c.o -o cmTC_be647 ]
  ignore line: [Using built-in specs.]
  ignore line: [COLLECT_GCC=/usr/bin/cc]
  ignore line: [COLLECT_LTO_WRAPPER=/usr/lib/gcc/x86_64-pc-linux-gnu/10.2.0/lto-wrapper]
  ignore line: [Target: x86_64-pc-linux-gnu]
  ignore line: [Configured with: /build/gcc/src/gcc/configure --prefix=/usr --libdir=/usr/lib --libexecdir=/usr/lib --mandir=/usr/share/man --infodir=/usr/share/info --with-bugurl=https://bugs.archlinux.org/ --enable-languages=c c++ ada fortran go lto objc obj-c++ d --with-isl --with-linker-hash-style=gnu --with-system-zlib --enable-__cxa_atexit --enable-cet=auto --enable-checking=release --enable-clocale=gnu --enable-default-pie --enable-default-ssp --enable-gnu-indirect-function --enable-gnu-unique-object --enable-install-libiberty --enable-linker-build-id --enable-lto --enable-multilib --enable-plugin --enable-shared --enable-threads=posix --disable-libssp --disable-libstdcxx-pch --disable-libunwind-exceptions --disable-werror gdc_include_dir=/usr/include/dlang/gdc]
  ignore line: [Thread model: posix]
  ignore line: [Supported LTO compression algorithms: zlib zstd]
  ignore line: [gcc version 10.2.0 (GCC) ]
  ignore line: [COMPILER_PATH=/usr/lib/gcc/x86_64-pc-linux-gnu/10.2.0/:/usr/lib/gcc/x86_64-pc-linux-gnu/10.2.0/:/usr/lib/gcc/x86_64-pc-linux-gnu/:/usr/lib/gcc/x86_64-pc-linux-gnu/10.2.0/:/usr/lib/gcc/x86_64-pc-linux-gnu/]
  ignore line: [LIBRARY_PATH=/usr/lib/gcc/x86_64-pc-linux-gnu/10.2.0/:/usr/lib/gcc/x86_64-pc-linux-gnu/10.2.0/../../../../lib/:/lib/../lib/:/usr/lib/../lib/:/usr/lib/gcc/x86_64-pc-linux-gnu/10.2.0/../../../:/lib/:/usr/lib/]
  ignore line: [COLLECT_GCC_OPTIONS='-v' '-rdynamic' '-o' 'cmTC_be647' '-mtune=generic' '-march=x86-64']
  link line: [ /usr/lib/gcc/x86_64-pc-linux-gnu/10.2.0/collect2 -plugin /usr/lib/gcc/x86_64-pc-linux-gnu/10.2.0/liblto_plugin.so -plugin-opt=/usr/lib/gcc/x86_64-pc-linux-gnu/10.2.0/lto-wrapper -plugin-opt=-fresolution=/tmp/ccBJ1ENh.res -plugin-opt=-pass-through=-lgcc -plugin-opt=-pass-through=-lgcc_s -plugin-opt=-pass-through=-lc -plugin-opt=-pass-through=-lgcc -plugin-opt=-pass-through=-lgcc_s --build-id --eh-frame-hdr --hash-style=gnu -m elf_x86_64 -export-dynamic -dynamic-linker /lib64/ld-linux-x86-64.so.2 -pie -o cmTC_be647 /usr/lib/gcc/x86_64-pc-linux-gnu/10.2.0/../../../../lib/Scrt1.o /usr/lib/gcc/x86_64-pc-linux-gnu/10.2.0/../../../../lib/crti.o /usr/lib/gcc/x86_64-pc-linux-gnu/10.2.0/crtbeginS.o -L/usr/lib/gcc/x86_64-pc-linux-gnu/10.2.0 -L/usr/lib/gcc/x86_64-pc-linux-gnu/10.2.0/../../../../lib -L/lib/../lib -L/usr/lib/../lib -L/usr/lib/gcc/x86_64-pc-linux-gnu/10.2.0/../../.. CMakeFiles/cmTC_be647.dir/CMakeCCompilerABI.c.o -lgcc --push-state --as-needed -lgcc_s --pop-state -lc -lgcc --push-state --as-needed -lgcc_s --pop-state /usr/lib/gcc/x86_64-pc-linux-gnu/10.2.0/crtendS.o /usr/lib/gcc/x86_64-pc-linux-gnu/10.2.0/../../../../lib/crtn.o]
    arg [/usr/lib/gcc/x86_64-pc-linux-gnu/10.2.0/collect2] ==> ignore
    arg [-plugin] ==> ignore
    arg [/usr/lib/gcc/x86_64-pc-linux-gnu/10.2.0/liblto_plugin.so] ==> ignore
    arg [-plugin-opt=/usr/lib/gcc/x86_64-pc-linux-gnu/10.2.0/lto-wrapper] ==> ignore
    arg [-plugin-opt=-fresolution=/tmp/ccBJ1ENh.res] ==> ignore
    arg [-plugin-opt=-pass-through=-lgcc] ==> ignore
    arg [-plugin-opt=-pass-through=-lgcc_s] ==> ignore
    arg [-plugin-opt=-pass-through=-lc] ==> ignore
    arg [-plugin-opt=-pass-through=-lgcc] ==> ignore
    arg [-plugin-opt=-pass-through=-lgcc_s] ==> ignore
    arg [--build-id] ==> ignore
    arg [--eh-frame-hdr] ==> ignore
    arg [--hash-style=gnu] ==> ignore
    arg [-m] ==> ignore
    arg [elf_x86_64] ==> ignore
    arg [-export-dynamic] ==> ignore
    arg [-dynamic-linker] ==> ignore
    arg [/lib64/ld-linux-x86-64.so.2] ==> ignore
    arg [-pie] ==> ignore
    arg [-o] ==> ignore
    arg [cmTC_be647] ==> ignore
    arg [/usr/lib/gcc/x86_64-pc-linux-gnu/10.2.0/../../../../lib/Scrt1.o] ==> ignore
    arg [/usr/lib/gcc/x86_64-pc-linux-gnu/10.2.0/../../../../lib/crti.o] ==> ignore
    arg [/usr/lib/gcc/x86_64-pc-linux-gnu/10.2.0/crtbeginS.o] ==> ignore
    arg [-L/usr/lib/gcc/x86_64-pc-linux-gnu/10.2.0] ==> dir [/usr/lib/gcc/x86_64-pc-linux-gnu/10.2.0]
    arg [-L/usr/lib/gcc/x86_64-pc-linux-gnu/10.2.0/../../../../lib] ==> dir [/usr/lib/gcc/x86_64-pc-linux-gnu/10.2.0/../../../../lib]
    arg [-L/lib/../lib] ==> dir [/lib/../lib]
    arg [-L/usr/lib/../lib] ==> dir [/usr/lib/../lib]
    arg [-L/usr/lib/gcc/x86_64-pc-linux-gnu/10.2.0/../../..] ==> dir [/usr/lib/gcc/x86_64-pc-linux-gnu/10.2.0/../../..]
    arg [CMakeFiles/cmTC_be647.dir/CMakeCCompilerABI.c.o] ==> ignore
    arg [-lgcc] ==> lib [gcc]
    arg [--push-state] ==> ignore
    arg [--as-needed] ==> ignore
    arg [-lgcc_s] ==> lib [gcc_s]
    arg [--pop-state] ==> ignore
    arg [-lc] ==> lib [c]
    arg [-lgcc] ==> lib [gcc]
    arg [--push-state] ==> ignore
    arg [--as-needed] ==> ignore
    arg [-lgcc_s] ==> lib [gcc_s]
    arg [--pop-state] ==> ignore
    arg [/usr/lib/gcc/x86_64-pc-linux-gnu/10.2.0/crtendS.o] ==> ignore
    arg [/usr/lib/gcc/x86_64-pc-linux-gnu/10.2.0/../../../../lib/crtn.o] ==> ignore
  collapse library dir [/usr/lib/gcc/x86_64-pc-linux-gnu/10.2.0] ==> [/usr/lib/gcc/x86_64-pc-linux-gnu/10.2.0]
  collapse library dir [/usr/lib/gcc/x86_64-pc-linux-gnu/10.2.0/../../../../lib] ==> [/usr/lib]
  collapse library dir [/lib/../lib] ==> [/lib]
  collapse library dir [/usr/lib/../lib] ==> [/usr/lib]
  collapse library dir [/usr/lib/gcc/x86_64-pc-linux-gnu/10.2.0/../../..] ==> [/usr/lib]
  implicit libs: [gcc;gcc_s;c;gcc;gcc_s]
  implicit dirs: [/usr/lib/gcc/x86_64-pc-linux-gnu/10.2.0;/usr/lib;/lib]
  implicit fwks: []


Determining if the include file pthread.h exists passed with the following output:
Change Dir: /home/stefan/Documents/H2D/LibNew/GLFW_BIN/CMakeFiles/CMakeTmp

Run Build Command(s):/usr/bin/make cmTC_375db/fast && /usr/bin/make  -f CMakeFiles/cmTC_375db.dir/build.make CMakeFiles/cmTC_375db.dir/build
make[1]: Entering directory '/home/stefan/Documents/H2D/LibNew/GLFW_BIN/CMakeFiles/CMakeTmp'
Building C object CMakeFiles/cmTC_375db.dir/CheckIncludeFile.c.o
/usr/bin/cc    -o CMakeFiles/cmTC_375db.dir/CheckIncludeFile.c.o -c /home/stefan/Documents/H2D/LibNew/GLFW_BIN/CMakeFiles/CMakeTmp/CheckIncludeFile.c
Linking C executable cmTC_375db
/usr/bin/cmake -E cmake_link_script CMakeFiles/cmTC_375db.dir/link.txt --verbose=1
/usr/bin/cc -rdynamic CMakeFiles/cmTC_375db.dir/CheckIncludeFile.c.o -o cmTC_375db 
make[1]: Leaving directory '/home/stefan/Documents/H2D/LibNew/GLFW_BIN/CMakeFiles/CMakeTmp'



Determining if the function pthread_create exists in the pthread passed with the following output:
Change Dir: /home/stefan/Documents/H2D/LibNew/GLFW_BIN/CMakeFiles/CMakeTmp

Run Build Command(s):/usr/bin/make cmTC_8a0d7/fast && /usr/bin/make  -f CMakeFiles/cmTC_8a0d7.dir/build.make CMakeFiles/cmTC_8a0d7.dir/build
make[1]: Entering directory '/home/stefan/Documents/H2D/LibNew/GLFW_BIN/CMakeFiles/CMakeTmp'
Building C object CMakeFiles/cmTC_8a0d7.dir/CheckFunctionExists.c.o
/usr/bin/cc   -DCHECK_FUNCTION_EXISTS=pthread_create -o CMakeFiles/cmTC_8a0d7.dir/CheckFunctionExists.c.o -c /usr/share/cmake-3.18/Modules/CheckFunctionExists.c
Linking C executable cmTC_8a0d7
/usr/bin/cmake -E cmake_link_script CMakeFiles/cmTC_8a0d7.dir/link.txt --verbose=1
/usr/bin/cc  -DCHECK_FUNCTION_EXISTS=pthread_create -rdynamic CMakeFiles/cmTC_8a0d7.dir/CheckFunctionExists.c.o -o cmTC_8a0d7  -lpthread 
make[1]: Leaving directory '/home/stefan/Documents/H2D/LibNew/GLFW_BIN/CMakeFiles/CMakeTmp'



Determining if the function XOpenDisplay exists in the /usr/lib/libX11.so;/usr/lib/libXext.so passed with the following output:
Change Dir: /home/stefan/Documents/H2D/LibNew/GLFW_BIN/CMakeFiles/CMakeTmp

Run Build Command(s):/usr/bin/make cmTC_33aeb/fast && /usr/bin/make  -f CMakeFiles/cmTC_33aeb.dir/build.make CMakeFiles/cmTC_33aeb.dir/build
make[1]: Entering directory '/home/stefan/Documents/H2D/LibNew/GLFW_BIN/CMakeFiles/CMakeTmp'
Building C object CMakeFiles/cmTC_33aeb.dir/CheckFunctionExists.c.o
/usr/bin/cc   -DCHECK_FUNCTION_EXISTS=XOpenDisplay -o CMakeFiles/cmTC_33aeb.dir/CheckFunctionExists.c.o -c /usr/share/cmake-3.18/Modules/CheckFunctionExists.c
Linking C executable cmTC_33aeb
/usr/bin/cmake -E cmake_link_script CMakeFiles/cmTC_33aeb.dir/link.txt --verbose=1
/usr/bin/cc  -DCHECK_FUNCTION_EXISTS=XOpenDisplay -rdynamic CMakeFiles/cmTC_33aeb.dir/CheckFunctionExists.c.o -o cmTC_33aeb  /usr/lib/libX11.so /usr/lib/libXext.so 
make[1]: Leaving directory '/home/stefan/Documents/H2D/LibNew/GLFW_BIN/CMakeFiles/CMakeTmp'



Determining if the function gethostbyname exists passed with the following output:
Change Dir: /home/stefan/Documents/H2D/LibNew/GLFW_BIN/CMakeFiles/CMakeTmp

Run Build Command(s):/usr/bin/make cmTC_b465d/fast && /usr/bin/make  -f CMakeFiles/cmTC_b465d.dir/build.make CMakeFiles/cmTC_b465d.dir/build
make[1]: Entering directory '/home/stefan/Documents/H2D/LibNew/GLFW_BIN/CMakeFiles/CMakeTmp'
Building C object CMakeFiles/cmTC_b465d.dir/CheckFunctionExists.c.o
/usr/bin/cc   -DCHECK_FUNCTION_EXISTS=gethostbyname -o CMakeFiles/cmTC_b465d.dir/CheckFunctionExists.c.o -c /usr/share/cmake-3.18/Modules/CheckFunctionExists.c
Linking C executable cmTC_b465d
/usr/bin/cmake -E cmake_link_script CMakeFiles/cmTC_b465d.dir/link.txt --verbose=1
/usr/bin/cc  -DCHECK_FUNCTION_EXISTS=gethostbyname -rdynamic CMakeFiles/cmTC_b465d.dir/CheckFunctionExists.c.o -o cmTC_b465d 
make[1]: Leaving directory '/home/stefan/Documents/H2D/LibNew/GLFW_BIN/CMakeFiles/CMakeTmp'



Determining if the function connect exists passed with the following output:
Change Dir: /home/stefan/Documents/H2D/LibNew/GLFW_BIN/CMakeFiles/CMakeTmp

Run Build Command(s):/usr/bin/make cmTC_2160c/fast && /usr/bin/make  -f CMakeFiles/cmTC_2160c.dir/build.make CMakeFiles/cmTC_2160c.dir/build
make[1]: Entering directory '/home/stefan/Documents/H2D/LibNew/GLFW_BIN/CMakeFiles/CMakeTmp'
Building C object CMakeFiles/cmTC_2160c.dir/CheckFunctionExists.c.o
/usr/bin/cc   -DCHECK_FUNCTION_EXISTS=connect -o CMakeFiles/cmTC_2160c.dir/CheckFunctionExists.c.o -c /usr/share/cmake-3.18/Modules/CheckFunctionExists.c
Linking C executable cmTC_2160c
/usr/bin/cmake -E cmake_link_script CMakeFiles/cmTC_2160c.dir/link.txt --verbose=1
/usr/bin/cc  -DCHECK_FUNCTION_EXISTS=connect -rdynamic CMakeFiles/cmTC_2160c.dir/CheckFunctionExists.c.o -o cmTC_2160c 
make[1]: Leaving directory '/home/stefan/Documents/H2D/LibNew/GLFW_BIN/CMakeFiles/CMakeTmp'



Determining if the function remove exists passed with the following output:
Change Dir: /home/stefan/Documents/H2D/LibNew/GLFW_BIN/CMakeFiles/CMakeTmp

Run Build Command(s):/usr/bin/make cmTC_d0cf8/fast && /usr/bin/make  -f CMakeFiles/cmTC_d0cf8.dir/build.make CMakeFiles/cmTC_d0cf8.dir/build
make[1]: Entering directory '/home/stefan/Documents/H2D/LibNew/GLFW_BIN/CMakeFiles/CMakeTmp'
Building C object CMakeFiles/cmTC_d0cf8.dir/CheckFunctionExists.c.o
/usr/bin/cc   -DCHECK_FUNCTION_EXISTS=remove -o CMakeFiles/cmTC_d0cf8.dir/CheckFunctionExists.c.o -c /usr/share/cmake-3.18/Modules/CheckFunctionExists.c
Linking C executable cmTC_d0cf8
/usr/bin/cmake -E cmake_link_script CMakeFiles/cmTC_d0cf8.dir/link.txt --verbose=1
/usr/bin/cc  -DCHECK_FUNCTION_EXISTS=remove -rdynamic CMakeFiles/cmTC_d0cf8.dir/CheckFunctionExists.c.o -o cmTC_d0cf8 
make[1]: Leaving directory '/home/stefan/Documents/H2D/LibNew/GLFW_BIN/CMakeFiles/CMakeTmp'



Determining if the function shmat exists passed with the following output:
Change Dir: /home/stefan/Documents/H2D/LibNew/GLFW_BIN/CMakeFiles/CMakeTmp

Run Build Command(s):/usr/bin/make cmTC_3bfdb/fast && /usr/bin/make  -f CMakeFiles/cmTC_3bfdb.dir/build.make CMakeFiles/cmTC_3bfdb.dir/build
make[1]: Entering directory '/home/stefan/Documents/H2D/LibNew/GLFW_BIN/CMakeFiles/CMakeTmp'
Building C object CMakeFiles/cmTC_3bfdb.dir/CheckFunctionExists.c.o
/usr/bin/cc   -DCHECK_FUNCTION_EXISTS=shmat -o CMakeFiles/cmTC_3bfdb.dir/CheckFunctionExists.c.o -c /usr/share/cmake-3.18/Modules/CheckFunctionExists.c
Linking C executable cmTC_3bfdb
/usr/bin/cmake -E cmake_link_script CMakeFiles/cmTC_3bfdb.dir/link.txt --verbose=1
/usr/bin/cc  -DCHECK_FUNCTION_EXISTS=shmat -rdynamic CMakeFiles/cmTC_3bfdb.dir/CheckFunctionExists.c.o -o cmTC_3bfdb 
make[1]: Leaving directory '/home/stefan/Documents/H2D/LibNew/GLFW_BIN/CMakeFiles/CMakeTmp'



Determining if the function IceConnectionNumber exists in the ICE passed with the following output:
Change Dir: /home/stefan/Documents/H2D/LibNew/GLFW_BIN/CMakeFiles/CMakeTmp

Run Build Command(s):/usr/bin/make cmTC_a9892/fast && /usr/bin/make  -f CMakeFiles/cmTC_a9892.dir/build.make CMakeFiles/cmTC_a9892.dir/build
make[1]: Entering directory '/home/stefan/Documents/H2D/LibNew/GLFW_BIN/CMakeFiles/CMakeTmp'
Building C object CMakeFiles/cmTC_a9892.dir/CheckFunctionExists.c.o
/usr/bin/cc   -DCHECK_FUNCTION_EXISTS=IceConnectionNumber -o CMakeFiles/cmTC_a9892.dir/CheckFunctionExists.c.o -c /usr/share/cmake-3.18/Modules/CheckFunctionExists.c
Linking C executable cmTC_a9892
/usr/bin/cmake -E cmake_link_script CMakeFiles/cmTC_a9892.dir/link.txt --verbose=1
/usr/bin/cc  -DCHECK_FUNCTION_EXISTS=IceConnectionNumber -rdynamic CMakeFiles/cmTC_a9892.dir/CheckFunctionExists.c.o -o cmTC_a9892  -lICE 
make[1]: Leaving directory '/home/stefan/Documents/H2D/LibNew/GLFW_BIN/CMakeFiles/CMakeTmp'



