c:\users\r1\documents\visual studio 2013\projects\h2d\h2d\debug\vc120.pdb
c:\users\r1\documents\visual studio 2013\projects\h2d\h2d\debug\vc120.idb
c:\users\r1\documents\visual studio 2013\projects\h2d\h2d\debug\rigidbody.obj
c:\users\r1\documents\visual studio 2013\projects\h2d\h2d\debug\shaderprogram.obj
c:\users\r1\documents\visual studio 2013\projects\h2d\h2d\debug\simpleparticleemitter.obj
c:\users\r1\documents\visual studio 2013\projects\h2d\h2d\debug\sound.obj
c:\users\r1\documents\visual studio 2013\projects\h2d\h2d\debug\specialitems.obj
c:\users\r1\documents\visual studio 2013\projects\h2d\h2d\debug\spritesheet2d.obj
c:\users\r1\documents\visual studio 2013\projects\h2d\h2d\debug\square2d.obj
c:\users\r1\documents\visual studio 2013\projects\h2d\h2d\debug\statemanagement.obj
c:\users\r1\documents\visual studio 2013\projects\h2d\h2d\debug\statemenu.obj
c:\users\r1\documents\visual studio 2013\projects\h2d\h2d\debug\test.obj
c:\users\r1\documents\visual studio 2013\projects\h2d\h2d\debug\textobject.obj
c:\users\r1\documents\visual studio 2013\projects\h2d\h2d\debug\texture2d.obj
c:\users\r1\documents\visual studio 2013\projects\h2d\h2d\debug\texturedpolygon2d.obj
c:\users\r1\documents\visual studio 2013\projects\h2d\h2d\debug\tickcounter.obj
c:\users\r1\documents\visual studio 2013\projects\h2d\h2d\debug\tilemap.obj
c:\users\r1\documents\visual studio 2013\projects\h2d\h2d\debug\tileprogram.obj
c:\users\r1\documents\visual studio 2013\projects\h2d\h2d\debug\tinyxml2.obj
c:\users\r1\documents\visual studio 2013\projects\h2d\h2d\debug\wall.obj
c:\users\r1\documents\visual studio 2013\projects\h2d\h2d\debug\worldobject.obj
c:\users\r1\documents\visual studio 2013\projects\h2d\h2d\debug\zteststate.obj
c:\users\r1\documents\visual studio 2013\projects\h2d\h2d\debug\guipanel.obj
c:\users\r1\documents\visual studio 2013\projects\h2d\h2d\debug\guislider.obj
c:\users\r1\documents\visual studio 2013\projects\h2d\h2d\debug\guitextfield.obj
c:\users\r1\documents\visual studio 2013\projects\h2d\h2d\debug\inputmapper.obj
c:\users\r1\documents\visual studio 2013\projects\h2d\h2d\debug\item.obj
c:\users\r1\documents\visual studio 2013\projects\h2d\h2d\debug\level.obj
c:\users\r1\documents\visual studio 2013\projects\h2d\h2d\debug\lightprogram.obj
c:\users\r1\documents\visual studio 2013\projects\h2d\h2d\debug\main.obj
c:\users\r1\documents\visual studio 2013\projects\h2d\h2d\debug\mask.obj
c:\users\r1\documents\visual studio 2013\projects\h2d\h2d\debug\maskprogram.obj
c:\users\r1\documents\visual studio 2013\projects\h2d\h2d\debug\objectbase.obj
c:\users\r1\documents\visual studio 2013\projects\h2d\h2d\debug\objectbasepolymorphism.obj
c:\users\r1\documents\visual studio 2013\projects\h2d\h2d\debug\objectlist.obj
c:\users\r1\documents\visual studio 2013\projects\h2d\h2d\debug\particleobject.obj
c:\users\r1\documents\visual studio 2013\projects\h2d\h2d\debug\particleprogram.obj
c:\users\r1\documents\visual studio 2013\projects\h2d\h2d\debug\person.obj
c:\users\r1\documents\visual studio 2013\projects\h2d\h2d\debug\player.obj
c:\users\r1\documents\visual studio 2013\projects\h2d\h2d\debug\pobject.obj
c:\users\r1\documents\visual studio 2013\projects\h2d\h2d\debug\light.obj
c:\users\r1\documents\visual studio 2013\projects\h2d\h2d\debug\raycastcallbacks.obj
c:\users\r1\documents\visual studio 2013\projects\h2d\h2d\debug\effect.obj
c:\users\r1\documents\visual studio 2013\projects\h2d\h2d\debug\element2d.obj
c:\users\r1\documents\visual studio 2013\projects\h2d\h2d\debug\elementprogram.obj
c:\users\r1\documents\visual studio 2013\projects\h2d\h2d\debug\engine.obj
c:\users\r1\documents\visual studio 2013\projects\h2d\h2d\debug\explosion.obj
c:\users\r1\documents\visual studio 2013\projects\h2d\h2d\debug\floor.obj
c:\users\r1\documents\visual studio 2013\projects\h2d\h2d\debug\font2d.obj
c:\users\r1\documents\visual studio 2013\projects\h2d\h2d\debug\fontobject.obj
c:\users\r1\documents\visual studio 2013\projects\h2d\h2d\debug\fontprogram2d.obj
c:\users\r1\documents\visual studio 2013\projects\h2d\h2d\debug\fpscounter.obj
c:\users\r1\documents\visual studio 2013\projects\h2d\h2d\debug\game.obj
c:\users\r1\documents\visual studio 2013\projects\h2d\h2d\debug\gamemapper.obj
c:\users\r1\documents\visual studio 2013\projects\h2d\h2d\debug\gamestate.obj
c:\users\r1\documents\visual studio 2013\projects\h2d\h2d\debug\gui.obj
c:\users\r1\documents\visual studio 2013\projects\h2d\h2d\debug\guibutton.obj
c:\users\r1\documents\visual studio 2013\projects\h2d\h2d\debug\guidropdownlist.obj
c:\users\r1\documents\visual studio 2013\projects\h2d\h2d\debug\guiimageelement.obj
c:\users\r1\documents\visual studio 2013\projects\h2d\h2d\debug\guilabel.obj
c:\users\r1\documents\visual studio 2013\projects\h2d\h2d\debug\guimap.obj
c:\users\r1\documents\visual studio 2013\projects\h2d\h2d\debug\guimapitem.obj
c:\users\r1\documents\visual studio 2013\projects\h2d\h2d\debug\animation.obj
c:\users\r1\documents\visual studio 2013\projects\h2d\h2d\debug\audio.obj
c:\users\r1\documents\visual studio 2013\projects\h2d\h2d\debug\baseobject.obj
c:\users\r1\documents\visual studio 2013\projects\h2d\h2d\debug\borderpolygon2d.obj
c:\users\r1\documents\visual studio 2013\projects\h2d\h2d\debug\complexplainparticleprogram.obj
c:\users\r1\documents\visual studio 2013\projects\h2d\h2d\debug\complextexturedparticleprogram.obj
c:\users\r1\documents\visual studio 2013\projects\h2d\h2d\debug\door.obj
c:\users\r1\documents\visual studio 2013\projects\h2d\h2d\debug\editor.obj
c:\users\r1\documents\visual studio 2013\projects\h2d\h2d\debug\editormapper.obj
c:\users\r1\documents\visual studio 2013\projects\h2d\h2d\debug\levelcontactlistener.obj
c:\users\r1\documents\visual studio 2013\projects\h2d\h2d\debug\entity.obj
c:\users\r1\documents\visual studio 2013\projects\h2d\h2d\debug\effectlist.obj
c:\users\r1\documents\visual studio 2013\projects\h2d\h2d\debug\weapon.obj
c:\users\r1\documents\visual studio 2013\projects\h2d\h2d\debug\soundlogic.obj
c:\users\r1\documents\visual studio 2013\projects\h2d\debug\h2d.ilk
c:\users\r1\documents\visual studio 2013\projects\h2d\debug\h2d.exe
c:\users\r1\documents\visual studio 2013\projects\h2d\debug\h2d.pdb
c:\users\r1\documents\visual studio 2013\projects\h2d\h2d\debug\h2d.tlog\cl.command.1.tlog
c:\users\r1\documents\visual studio 2013\projects\h2d\h2d\debug\h2d.tlog\cl.read.1.tlog
c:\users\r1\documents\visual studio 2013\projects\h2d\h2d\debug\h2d.tlog\cl.write.1.tlog
c:\users\r1\documents\visual studio 2013\projects\h2d\h2d\debug\h2d.tlog\link.command.1.tlog
c:\users\r1\documents\visual studio 2013\projects\h2d\h2d\debug\h2d.tlog\link.read.1.tlog
c:\users\r1\documents\visual studio 2013\projects\h2d\h2d\debug\h2d.tlog\link.write.1.tlog
