  Animation.cpp
D:\CPP\H2D2000\H2D\H2D\OpenGLH.h(3,10): fatal error C1083: Cannot open include file: 'GL/glew.h': No such file or directory
  Audio.cpp
D:\CPP\H2D2000\H2D\H2D\OpenGLH.h(3,10): fatal error C1083: Cannot open include file: 'GL/glew.h': No such file or directory
  BaseObject.cpp
D:\CPP\H2D2000\H2D\H2D\OpenGLH.h(3,10): fatal error C1083: Cannot open include file: 'GL/glew.h': No such file or directory
  BorderPolygon2D.cpp
D:\CPP\H2D2000\H2D\H2D\OpenGLH.h(3,10): fatal error C1083: Cannot open include file: 'GL/glew.h': No such file or directory
  ComplexPlainParticleProgram.cpp
D:\CPP\H2D2000\H2D\H2D\OpenGLH.h(3,10): fatal error C1083: Cannot open include file: 'GL/glew.h': No such file or directory
  ComplexTexturedParticleProgram.cpp
D:\CPP\H2D2000\H2D\H2D\OpenGLH.h(3,10): fatal error C1083: Cannot open include file: 'GL/glew.h': No such file or directory
  Door.cpp
  Editor.cpp
D:\CPP\H2D2000\H2D\H2D\OpenGLH.h(3,10): fatal error C1083: Cannot open include file: 'GL/glew.h': No such file or directory
  EditorMapper.cpp
D:\CPP\H2D2000\H2D\H2D\OpenGLH.h(3,10): fatal error C1083: Cannot open include file: 'GL/glew.h': No such file or directory
  Effect.cpp
D:\CPP\H2D2000\H2D\H2D\OpenGLH.h(3,10): fatal error C1083: Cannot open include file: 'GL/glew.h': No such file or directory
  EffectList.cpp
D:\CPP\H2D2000\H2D\H2D\OpenGLH.h(3,10): fatal error C1083: Cannot open include file: 'GL/glew.h': No such file or directory
  Element2D.cpp
D:\CPP\H2D2000\H2D\H2D\OpenGLH.h(3,10): fatal error C1083: Cannot open include file: 'GL/glew.h': No such file or directory
  ElementProgram.cpp
D:\CPP\H2D2000\H2D\H2D\OpenGLH.h(3,10): fatal error C1083: Cannot open include file: 'GL/glew.h': No such file or directory
  Engine.cpp
D:\CPP\H2D2000\H2D\H2D\OpenGLH.h(3,10): fatal error C1083: Cannot open include file: 'GL/glew.h': No such file or directory
  Explosion.cpp
D:\CPP\H2D2000\H2D\H2D\OpenGLH.h(3,10): fatal error C1083: Cannot open include file: 'GL/glew.h': No such file or directory
  Floor.cpp
  Font2D.cpp
D:\CPP\H2D2000\H2D\H2D\OpenGLH.h(3,10): fatal error C1083: Cannot open include file: 'GL/glew.h': No such file or directory
  FontObject.cpp
D:\CPP\H2D2000\H2D\H2D\OpenGLH.h(3,10): fatal error C1083: Cannot open include file: 'GL/glew.h': No such file or directory
  FontProgram2D.cpp
D:\CPP\H2D2000\H2D\H2D\OpenGLH.h(3,10): fatal error C1083: Cannot open include file: 'GL/glew.h': No such file or directory
  fpsCounter.cpp
D:\CPP\H2D2000\H2D\H2D\OpenGLH.h(3,10): fatal error C1083: Cannot open include file: 'GL/glew.h': No such file or directory
  Generating Code...
  Compiling...
  Game.cpp
D:\CPP\H2D2000\H2D\H2D\OpenGLH.h(3,10): fatal error C1083: Cannot open include file: 'GL/glew.h': No such file or directory
  GameMapper.cpp
D:\CPP\H2D2000\H2D\H2D\OpenGLH.h(3,10): fatal error C1083: Cannot open include file: 'GL/glew.h': No such file or directory
  GameState.cpp
D:\CPP\H2D2000\H2D\H2D\OpenGLH.h(3,10): fatal error C1083: Cannot open include file: 'GL/glew.h': No such file or directory
  GUI.cpp
D:\CPP\H2D2000\H2D\H2D\OpenGLH.h(3,10): fatal error C1083: Cannot open include file: 'GL/glew.h': No such file or directory
  GUIButton.cpp
D:\CPP\H2D2000\H2D\H2D\OpenGLH.h(3,10): fatal error C1083: Cannot open include file: 'GL/glew.h': No such file or directory
  GUIDropdownList.cpp
D:\CPP\H2D2000\H2D\H2D\OpenGLH.h(3,10): fatal error C1083: Cannot open include file: 'GL/glew.h': No such file or directory
  GUIImageElement.cpp
D:\CPP\H2D2000\H2D\H2D\OpenGLH.h(3,10): fatal error C1083: Cannot open include file: 'GL/glew.h': No such file or directory
  GUILabel.cpp
D:\CPP\H2D2000\H2D\H2D\OpenGLH.h(3,10): fatal error C1083: Cannot open include file: 'GL/glew.h': No such file or directory
  GUIMap.cpp
D:\CPP\H2D2000\H2D\H2D\OpenGLH.h(3,10): fatal error C1083: Cannot open include file: 'GL/glew.h': No such file or directory
  GUIMapItem.cpp
D:\CPP\H2D2000\H2D\H2D\OpenGLH.h(3,10): fatal error C1083: Cannot open include file: 'GL/glew.h': No such file or directory
  GUIPanel.cpp
D:\CPP\H2D2000\H2D\H2D\OpenGLH.h(3,10): fatal error C1083: Cannot open include file: 'GL/glew.h': No such file or directory
  GUISlider.cpp
D:\CPP\H2D2000\H2D\H2D\OpenGLH.h(3,10): fatal error C1083: Cannot open include file: 'GL/glew.h': No such file or directory
  GUITextfield.cpp
D:\CPP\H2D2000\H2D\H2D\OpenGLH.h(3,10): fatal error C1083: Cannot open include file: 'GL/glew.h': No such file or directory
  InputMapper.cpp
D:\CPP\H2D2000\H2D\H2D\OpenGLH.h(3,10): fatal error C1083: Cannot open include file: 'GL/glew.h': No such file or directory
  Item.cpp
D:\CPP\H2D2000\H2D\H2D\OpenGLH.h(3,10): fatal error C1083: Cannot open include file: 'GL/glew.h': No such file or directory
  Level.cpp
D:\CPP\H2D2000\H2D\H2D\OpenGLH.h(3,10): fatal error C1083: Cannot open include file: 'GL/glew.h': No such file or directory
  LevelContactListener.cpp
D:\CPP\H2D2000\H2D\H2D\LevelContactListener.h(4,10): fatal error C1083: Cannot open include file: 'Box2D\Box2D.h': No such file or directory
  LightProgram.cpp
D:\CPP\H2D2000\H2D\H2D\OpenGLH.h(3,10): fatal error C1083: Cannot open include file: 'GL/glew.h': No such file or directory
  main.cpp
D:\CPP\H2D2000\H2D\H2D\OpenGLH.h(3,10): fatal error C1083: Cannot open include file: 'GL/glew.h': No such file or directory
  Mask.cpp
D:\CPP\H2D2000\H2D\H2D\OpenGLH.h(3,10): fatal error C1083: Cannot open include file: 'GL/glew.h': No such file or directory
  Generating Code...
  Compiling...
  MaskProgram.cpp
D:\CPP\H2D2000\H2D\H2D\OpenGLH.h(3,10): fatal error C1083: Cannot open include file: 'GL/glew.h': No such file or directory
  ObjectBase.cpp
  ObjectBasePolymorphism.cpp
D:\CPP\H2D2000\H2D\H2D\OpenGLH.h(3,10): fatal error C1083: Cannot open include file: 'GL/glew.h': No such file or directory
  ObjectList.cpp
D:\CPP\H2D2000\H2D\H2D\OpenGLH.h(3,10): fatal error C1083: Cannot open include file: 'GL/glew.h': No such file or directory
  particleObject.cpp
D:\CPP\H2D2000\H2D\H2D\OpenGLH.h(3,10): fatal error C1083: Cannot open include file: 'GL/glew.h': No such file or directory
  ParticleProgram.cpp
D:\CPP\H2D2000\H2D\H2D\OpenGLH.h(3,10): fatal error C1083: Cannot open include file: 'GL/glew.h': No such file or directory
  Person.cpp
D:\CPP\H2D2000\H2D\H2D\OpenGLH.h(3,10): fatal error C1083: Cannot open include file: 'GL/glew.h': No such file or directory
  Player.cpp
D:\CPP\H2D2000\H2D\H2D\OpenGLH.h(3,10): fatal error C1083: Cannot open include file: 'GL/glew.h': No such file or directory
  pObject.cpp
D:\CPP\H2D2000\H2D\H2D\OpenGLH.h(3,10): fatal error C1083: Cannot open include file: 'GL/glew.h': No such file or directory
  Light.cpp
D:\CPP\H2D2000\H2D\H2D\OpenGLH.h(3,10): fatal error C1083: Cannot open include file: 'GL/glew.h': No such file or directory
  RayCastCallbacks.cpp
D:\CPP\H2D2000\H2D\H2D\OpenGLH.h(3,10): fatal error C1083: Cannot open include file: 'GL/glew.h': No such file or directory
  RigidBody.cpp
D:\CPP\H2D2000\H2D\H2D\OpenGLH.h(3,10): fatal error C1083: Cannot open include file: 'GL/glew.h': No such file or directory
  ShaderProgram.cpp
D:\CPP\H2D2000\H2D\H2D\OpenGLH.h(3,10): fatal error C1083: Cannot open include file: 'GL/glew.h': No such file or directory
  SimpleParticleEmitter.cpp
D:\CPP\H2D2000\H2D\H2D\OpenGLH.h(3,10): fatal error C1083: Cannot open include file: 'GL/glew.h': No such file or directory
  Sound.cpp
D:\CPP\H2D2000\H2D\H2D\OpenGLH.h(3,10): fatal error C1083: Cannot open include file: 'GL/glew.h': No such file or directory
  Entity.cpp
D:\CPP\H2D2000\H2D\H2D\OpenGLH.h(3,10): fatal error C1083: Cannot open include file: 'GL/glew.h': No such file or directory
  SoundLogic.cpp
D:\CPP\H2D2000\H2D\H2D\OpenGLH.h(3,10): fatal error C1083: Cannot open include file: 'GL/glew.h': No such file or directory
  SpriteSheet2D.cpp
D:\CPP\H2D2000\H2D\H2D\OpenGLH.h(3,10): fatal error C1083: Cannot open include file: 'GL/glew.h': No such file or directory
  Square2D.cpp
D:\CPP\H2D2000\H2D\H2D\OpenGLH.h(3,10): fatal error C1083: Cannot open include file: 'GL/glew.h': No such file or directory
  StateManagement.cpp
D:\CPP\H2D2000\H2D\H2D\OpenGLH.h(3,10): fatal error C1083: Cannot open include file: 'GL/glew.h': No such file or directory
  Generating Code...
  Compiling...
  StateMenu.cpp
  test.cpp
  Textobject.cpp
D:\CPP\H2D2000\H2D\H2D\OpenGLH.h(3,10): fatal error C1083: Cannot open include file: 'GL/glew.h': No such file or directory
  Texture2D.cpp
D:\CPP\H2D2000\H2D\H2D\OpenGLH.h(3,10): fatal error C1083: Cannot open include file: 'GL/glew.h': No such file or directory
  TexturedPolygon2D.cpp
D:\CPP\H2D2000\H2D\H2D\OpenGLH.h(3,10): fatal error C1083: Cannot open include file: 'GL/glew.h': No such file or directory
  TickCounter.cpp
D:\CPP\H2D2000\H2D\H2D\OpenGLH.h(3,10): fatal error C1083: Cannot open include file: 'GL/glew.h': No such file or directory
  TileMap.cpp
D:\CPP\H2D2000\H2D\H2D\OpenGLH.h(3,10): fatal error C1083: Cannot open include file: 'GL/glew.h': No such file or directory
  TileProgram.cpp
D:\CPP\H2D2000\H2D\H2D\OpenGLH.h(3,10): fatal error C1083: Cannot open include file: 'GL/glew.h': No such file or directory
  tinyxml2.cpp
  Wall.cpp
D:\CPP\H2D2000\H2D\H2D\OpenGLH.h(3,10): fatal error C1083: Cannot open include file: 'GL/glew.h': No such file or directory
  Weapon.cpp
D:\CPP\H2D2000\H2D\H2D\OpenGLH.h(3,10): fatal error C1083: Cannot open include file: 'GL/glew.h': No such file or directory
  WorldObject.cpp
  ZTestState.cpp
D:\CPP\H2D2000\H2D\H2D\OpenGLH.h(3,10): fatal error C1083: Cannot open include file: 'GL/glew.h': No such file or directory
  Generating Code...
